<?xml version="1.0" encoding="UTF-8"?>
<testng-results skipped="0" failed="0" ignored="0" total="1" passed="1">
  <reporter-output>
  </reporter-output>
  <suite name="Default suite" duration-ms="3866" started-at="2022-05-18T15:08:26 CDT" finished-at="2022-05-18T15:08:30 CDT">
    <groups>
    </groups>
    <test name="Default test" duration-ms="3866" started-at="2022-05-18T15:08:26 CDT" finished-at="2022-05-18T15:08:30 CDT">
      <class name="test.Remove_All_Item_Test3">
        <test-method status="PASS" signature="validateAllItemsBeenRemoved()[pri:0, instance:test.Remove_All_Item_Test3@33f88ab]" name="validateAllItemsBeenRemoved" duration-ms="3831" started-at="2022-05-18T15:08:27 CDT" finished-at="2022-05-18T15:08:30 CDT">
          <reporter-output>
          </reporter-output>
        </test-method> <!-- validateAllItemsBeenRemoved -->
      </class> <!-- test.Remove_All_Item_Test3 -->
    </test> <!-- Default test -->
  </suite> <!-- Default suite -->
</testng-results>
